{'event': 'mt5_signal_sync_started', 'interval': 5, 'mt5OffsetHours': 3, 'timeframe': 'M1', 'terminalPath': 'C:\\Program Files\\Opo group MetaTrader 5\\terminal64.exe'}
{'event': 'signal_opened', 'ticket': '96202741', 'symbol': 'XAUUSD', 'openedAt': '2026-06-01T12:44:01'}
{'event': 'signal_closed_from_position_history', 'id': '6a1d7e94f5baa2b851b85fd1', 'ticket': '96202741', 'symbol': 'XAUUSD', 'reason': 'SL', 'closePrice': 4505.56, 'closedAt': '2026-06-01T12:44:14'}
{'event': 'signal_opened', 'ticket': '96205841', 'symbol': 'XAUUSD', 'openedAt': '2026-06-01T13:08:01'}
{'event': 'signal_closed', 'id': '6a1d8438f5baa2b851b8691a', 'symbol': 'XAUUSD', 'reason': 'TP', 'closePrice': 4496.05, 'mt5HitTime': '2026-06-01T16:10:56+00:00'}
{'event': 'signal_opened', 'ticket': '96231649', 'symbol': 'XAUUSD', 'openedAt': '2026-06-01T15:42:00'}
{'event': 'signal_closed_from_position_history', 'id': '6a1da84ff5baa2b851b8c5ed', 'ticket': '96231649', 'symbol': 'XAUUSD', 'reason': 'SL', 'closePrice': 4472.44, 'closedAt': '2026-06-01T15:44:02'}
{'event': 'signal_opened', 'ticket': '96232114', 'symbol': 'XAUUSD', 'openedAt': '2026-06-01T15:46:01'}
{'event': 'signal_closed_from_position_history', 'id': '6a1da93bf5baa2b851b8c72c', 'ticket': '96232114', 'symbol': 'XAUUSD', 'reason': 'SL', 'closePrice': 4472.41, 'closedAt': '2026-06-01T15:46:44'}
{'event': 'signal_opened', 'ticket': '96235539', 'symbol': 'XAUUSD', 'openedAt': '2026-06-01T16:20:00'}
{'event': 'signal_closed_from_position_history', 'id': '6a1db137f5baa2b851b8d5bb', 'ticket': '96235539', 'symbol': 'XAUUSD', 'reason': 'SL', 'closePrice': 4471.82, 'closedAt': '2026-06-01T16:33:25'}
{'event': 'signal_opened', 'ticket': '96237315', 'symbol': 'XAUUSD', 'openedAt': '2026-06-01T16:36:00'}
{'event': 'signal_closed_from_position_history', 'id': '6a1db4f6f5baa2b851b8dcbd', 'ticket': '96237315', 'symbol': 'XAUUSD', 'reason': 'TP', 'closePrice': 4473.16, 'closedAt': '2026-06-01T16:50:11'}
{'event': 'signal_opened', 'ticket': '96239324', 'symbol': 'XAUUSD', 'openedAt': '2026-06-01T17:00:00'}
{'event': 'signal_closed_from_position_history', 'id': '6a1dba92f5baa2b851b8e7c2', 'ticket': '96239324', 'symbol': 'XAUUSD', 'reason': 'SL', 'closePrice': 4475.81, 'closedAt': '2026-06-01T17:03:29'}
{'event': 'signal_opened', 'ticket': '96241354', 'symbol': 'XAUUSD', 'openedAt': '2026-06-01T17:04:00'}
{'event': 'signal_closed_from_position_history', 'id': '6a1dbb85f5baa2b851b8e991', 'ticket': '96241354', 'symbol': 'XAUUSD', 'reason': 'SL', 'closePrice': 4475.95, 'closedAt': '2026-06-01T17:05:22'}
{'event': 'signal_opened', 'ticket': '96242059', 'symbol': 'XAUUSD', 'openedAt': '2026-06-01T17:06:00'}
{'event': 'signal_closed_from_position_history', 'id': '6a1dbbfdf5baa2b851b8eb14', 'ticket': '96242059', 'symbol': 'XAUUSD', 'reason': 'SL', 'closePrice': 4475.99, 'closedAt': '2026-06-01T17:06:15'}
{'event': 'mt5_signal_sync_iteration_error', 'error': 'ServerSelectionTimeoutError("ac-vizfgq1-shard-00-01.gudd3xd.mongodb.net:27017: [Errno 11001] getaddrinfo failed (configured timeouts: socketTimeoutMS: 20000.0ms, connectTimeoutMS: 20000.0ms),ac-vizfgq1-shard-00-02.gudd3xd.mongodb.net:27017: [Errno 11001] getaddrinfo failed (configured timeouts: socketTimeoutMS: 20000.0ms, connectTimeoutMS: 20000.0ms),ac-vizfgq1-shard-00-00.gudd3xd.mongodb.net:27017: [Errno 11001] getaddrinfo failed (configured timeouts: socketTimeoutMS: 20000.0ms, connectTimeoutMS: 20000.0ms), Timeout: 30s, Topology Description: <TopologyDescription id: 6a1d7867c81bbb724ec12c99, topology_type: ReplicaSetNoPrimary, servers: [<ServerDescription (\'ac-vizfgq1-shard-00-00.gudd3xd.mongodb.net\', 27017) server_type: Unknown, rtt: None, error=AutoReconnect(\'ac-vizfgq1-shard-00-00.gudd3xd.mongodb.net:27017: [Errno 11001] getaddrinfo failed (configured timeouts: socketTimeoutMS: 20000.0ms, connectTimeoutMS: 20000.0ms)\')>, <ServerDescription (\'ac-vizfgq1-shard-00-01.gudd3xd.mongodb.net\', 27017) server_type: Unknown, rtt: None, error=AutoReconnect(\'ac-vizfgq1-shard-00-01.gudd3xd.mongodb.net:27017: [Errno 11001] getaddrinfo failed (configured timeouts: socketTimeoutMS: 20000.0ms, connectTimeoutMS: 20000.0ms)\')>, <ServerDescription (\'ac-vizfgq1-shard-00-02.gudd3xd.mongodb.net\', 27017) server_type: Unknown, rtt: None, error=AutoReconnect(\'ac-vizfgq1-shard-00-02.gudd3xd.mongodb.net:27017: [Errno 11001] getaddrinfo failed (configured timeouts: socketTimeoutMS: 20000.0ms, connectTimeoutMS: 20000.0ms)\')>]>")'}
{'event': 'mt5_signal_sync_iteration_error', 'error': 'ServerSelectionTimeoutError("ac-vizfgq1-shard-00-01.gudd3xd.mongodb.net:27017: [Errno 11001] getaddrinfo failed (configured timeouts: socketTimeoutMS: 20000.0ms, connectTimeoutMS: 20000.0ms),ac-vizfgq1-shard-00-02.gudd3xd.mongodb.net:27017: [Errno 11001] getaddrinfo failed (configured timeouts: socketTimeoutMS: 20000.0ms, connectTimeoutMS: 20000.0ms),ac-vizfgq1-shard-00-00.gudd3xd.mongodb.net:27017: [Errno 11001] getaddrinfo failed (configured timeouts: socketTimeoutMS: 20000.0ms, connectTimeoutMS: 20000.0ms), Timeout: 30s, Topology Description: <TopologyDescription id: 6a1d7867c81bbb724ec12c99, topology_type: ReplicaSetNoPrimary, servers: [<ServerDescription (\'ac-vizfgq1-shard-00-00.gudd3xd.mongodb.net\', 27017) server_type: Unknown, rtt: None, error=AutoReconnect(\'ac-vizfgq1-shard-00-00.gudd3xd.mongodb.net:27017: [Errno 11001] getaddrinfo failed (configured timeouts: socketTimeoutMS: 20000.0ms, connectTimeoutMS: 20000.0ms)\')>, <ServerDescription (\'ac-vizfgq1-shard-00-01.gudd3xd.mongodb.net\', 27017) server_type: Unknown, rtt: None, error=AutoReconnect(\'ac-vizfgq1-shard-00-01.gudd3xd.mongodb.net:27017: [Errno 11001] getaddrinfo failed (configured timeouts: socketTimeoutMS: 20000.0ms, connectTimeoutMS: 20000.0ms)\')>, <ServerDescription (\'ac-vizfgq1-shard-00-02.gudd3xd.mongodb.net\', 27017) server_type: Unknown, rtt: None, error=AutoReconnect(\'ac-vizfgq1-shard-00-02.gudd3xd.mongodb.net:27017: [Errno 11001] getaddrinfo failed (configured timeouts: socketTimeoutMS: 20000.0ms, connectTimeoutMS: 20000.0ms)\')>]>")'}
{'event': 'signal_opened', 'ticket': '96280132', 'symbol': 'XAUUSD', 'openedAt': '2026-06-02T06:50:59'}
{'event': 'signal_closed_from_position_history', 'id': '6a1e7d57f5baa2b851b9b93c', 'ticket': '96280132', 'symbol': 'XAUUSD', 'reason': 'TP', 'closePrice': 4537.46, 'closedAt': '2026-06-02T07:00:28'}
{'event': 'signal_opened', 'ticket': '96281018', 'symbol': 'XAUUSD', 'openedAt': '2026-06-02T07:01:58'}
{'event': 'signal_closed_from_position_history', 'id': '6a1e7fecf5baa2b851b9bd1b', 'ticket': '96281018', 'symbol': 'XAUUSD', 'reason': 'TP', 'closePrice': 4537.62, 'closedAt': '2026-06-02T07:07:39'}
{'event': 'signal_opened', 'ticket': '96282707', 'symbol': 'XAUUSD', 'openedAt': '2026-06-02T07:20:01'}
{'event': 'signal_closed', 'id': '6a1e8424f5baa2b851b9c255', 'symbol': 'XAUUSD', 'reason': 'SL', 'closePrice': 4535.16, 'mt5HitTime': '2026-06-02T10:28:06+00:00'}
{'event': 'signal_opened', 'ticket': '96283613', 'symbol': 'XAUUSD', 'openedAt': '2026-06-02T07:35:01'}
{'event': 'signal_closed_from_position_history', 'id': '6a1e87aaf5baa2b851b9c83a', 'ticket': '96283613', 'symbol': 'XAUUSD', 'reason': 'TP', 'closePrice': 4530.7, 'closedAt': '2026-06-02T07:47:42'}
{'event': 'signal_opened', 'ticket': '96284285', 'symbol': 'XAUUSD', 'openedAt': '2026-06-02T07:53:01'}
{'event': 'signal_closed_from_position_history', 'id': '6a1e8be2f5baa2b851b9cebb', 'ticket': '96284285', 'symbol': 'XAUUSD', 'reason': 'SL', 'closePrice': 4534.55, 'closedAt': '2026-06-02T07:58:19'}
{'event': 'signal_opened', 'ticket': '96284781', 'symbol': 'XAUUSD', 'openedAt': '2026-06-02T07:59:00'}
{'event': 'signal_closed_from_position_history', 'id': '6a1e8d46f5baa2b851b9d05f', 'ticket': '96284781', 'symbol': 'XAUUSD', 'reason': 'SL', 'closePrice': 4534.5, 'closedAt': '2026-06-02T07:59:18'}
{'event': 'signal_opened', 'ticket': '96285746', 'symbol': 'XAUUSD', 'openedAt': '2026-06-02T08:13:01'}
{'event': 'signal_closed_from_position_history', 'id': '6a1e9091f5baa2b851ca2d28', 'ticket': '96285746', 'symbol': 'XAUUSD', 'reason': 'SL', 'closePrice': 4532.46, 'closedAt': '2026-06-02T08:17:02'}
{'event': 'signal_opened', 'ticket': '96286642', 'symbol': 'XAUUSD', 'openedAt': '2026-06-02T08:27:01'}
{'event': 'signal_closed_from_position_history', 'id': '6a1e93d6f5baa2b851ca3290', 'ticket': '96286642', 'symbol': 'XAUUSD', 'reason': 'TP', 'closePrice': 4530.45, 'closedAt': '2026-06-02T08:29:19'}
{'event': 'signal_opened', 'ticket': '96288581', 'symbol': 'XAUUSD', 'openedAt': '2026-06-02T08:36:01'}
{'event': 'signal_closed', 'id': '6a1e95f4f5baa2b851ca35fe', 'symbol': 'XAUUSD', 'reason': 'TP', 'closePrice': 4529.01, 'mt5HitTime': '2026-06-02T11:42:21+00:00'}
{'event': 'signal_opened', 'ticket': '96289804', 'symbol': 'XAUUSD', 'openedAt': '2026-06-02T08:49:01'}
{'event': 'signal_closed_from_position_history', 'id': '6a1e9902f5baa2b851ca39fb', 'ticket': '96289804', 'symbol': 'XAUUSD', 'reason': 'TP', 'closePrice': 4525.93, 'closedAt': '2026-06-02T09:00:34'}
{'event': 'signal_opened', 'ticket': '96292675', 'symbol': 'XAUUSD', 'openedAt': '2026-06-02T09:29:00'}
{'event': 'signal_closed', 'id': '6a1ea261f5baa2b851ca4ff9', 'symbol': 'XAUUSD', 'reason': 'TP', 'closePrice': 4525.46, 'mt5HitTime': '2026-06-02T12:30:45+00:00'}
{'event': 'signal_opened', 'ticket': '96294055', 'symbol': 'XAUUSD', 'openedAt': '2026-06-02T09:45:01'}
{'event': 'signal_closed', 'id': '6a1ea621f5baa2b851ca555f', 'symbol': 'XAUUSD', 'reason': 'SL', 'closePrice': 4528.73, 'mt5HitTime': '2026-06-02T12:51:05+00:00'}
{'event': 'signal_opened', 'ticket': '96295057', 'symbol': 'XAUUSD', 'openedAt': '2026-06-02T10:03:00'}
